-+-[0000:ec]-+-05.0  Intel Corporation Device 2034
 |           +-05.2  Intel Corporation Sky Lake-E RAS Configuration Registers
 |           \-05.4  Intel Corporation Device 2036
 +-[0000:eb]-+-0e.0  Intel Corporation Device 2058
 |           +-0e.1  Intel Corporation Device 2059
 |           +-0e.4  Intel Corporation Device 2058
 |           +-0e.5  Intel Corporation Device 2059
 |           +-0e.6  Intel Corporation Device 205a
 |           +-0f.0  Intel Corporation Device 2058
 |           +-0f.1  Intel Corporation Device 2059
 |           +-0f.3  Intel Corporation Device 205b
 |           +-0f.4  Intel Corporation Device 2058
 |           +-0f.5  Intel Corporation Device 2059
 |           +-0f.6  Intel Corporation Device 205a
 |           +-10.0  Intel Corporation Device 2058
 |           +-10.1  Intel Corporation Device 2059
 |           +-10.4  Intel Corporation Device 2058
 |           +-10.5  Intel Corporation Device 2059
 |           +-10.6  Intel Corporation Device 205a
 |           +-12.0  Intel Corporation Sky Lake-E M3KTI Registers
 |           +-12.1  Intel Corporation Sky Lake-E M3KTI Registers
 |           +-12.2  Intel Corporation Sky Lake-E M3KTI Registers
 |           +-13.0  Intel Corporation Sky Lake-E M3KTI Registers
 |           +-13.1  Intel Corporation Sky Lake-E M3KTI Registers
 |           +-13.2  Intel Corporation Sky Lake-E M3KTI Registers
 |           +-14.0  Intel Corporation Sky Lake-E M3KTI Registers
 |           +-14.1  Intel Corporation Sky Lake-E M3KTI Registers
 |           +-14.2  Intel Corporation Sky Lake-E M3KTI Registers
 |           +-15.0  Intel Corporation Sky Lake-E M2PCI Registers
 |           +-15.1  Intel Corporation Device 2088
 |           +-16.0  Intel Corporation Sky Lake-E M2PCI Registers
 |           +-16.1  Intel Corporation Device 2088
 |           +-17.0  Intel Corporation Sky Lake-E M2PCI Registers
 |           \-17.1  Intel Corporation Device 2088
 +-[0000:d7]-+-00.0-[d8]--
 |           +-05.0  Intel Corporation Device 2034
 |           +-05.2  Intel Corporation Sky Lake-E RAS Configuration Registers
 |           +-05.4  Intel Corporation Device 2036
 |           +-08.0  Intel Corporation Device 2066
 |           +-09.0  Intel Corporation Device 2066
 |           +-0a.0  Intel Corporation Device 2040
 |           +-0a.1  Intel Corporation Device 2041
 |           +-0a.2  Intel Corporation Device 2042
 |           +-0a.3  Intel Corporation Device 2043
 |           +-0a.4  Intel Corporation Device 2044
 |           +-0a.5  Intel Corporation Device 2045
 |           +-0a.6  Intel Corporation Device 2046
 |           +-0a.7  Intel Corporation Device 2047
 |           +-0b.0  Intel Corporation Device 2048
 |           +-0b.1  Intel Corporation Device 2049
 |           +-0b.2  Intel Corporation Device 204a
 |           +-0b.3  Intel Corporation Device 204b
 |           +-0c.0  Intel Corporation Device 2040
 |           +-0c.1  Intel Corporation Device 2041
 |           +-0c.2  Intel Corporation Device 2042
 |           +-0c.3  Intel Corporation Device 2043
 |           +-0c.4  Intel Corporation Device 2044
 |           +-0c.5  Intel Corporation Device 2045
 |           +-0c.6  Intel Corporation Device 2046
 |           +-0c.7  Intel Corporation Device 2047
 |           +-0d.0  Intel Corporation Device 2048
 |           +-0d.1  Intel Corporation Device 2049
 |           +-0d.2  Intel Corporation Device 204a
 |           \-0d.3  Intel Corporation Device 204b
 +-[0000:c3]-+-00.0-[c4]--
 |           +-05.0  Intel Corporation Device 2034
 |           +-05.2  Intel Corporation Sky Lake-E RAS Configuration Registers
 |           +-05.4  Intel Corporation Device 2036
 |           +-08.0  Intel Corporation Sky Lake-E CHA Registers
 |           +-08.1  Intel Corporation Sky Lake-E CHA Registers
 |           +-08.2  Intel Corporation Sky Lake-E CHA Registers
 |           +-08.3  Intel Corporation Sky Lake-E CHA Registers
 |           +-08.4  Intel Corporation Sky Lake-E CHA Registers
 |           +-08.5  Intel Corporation Sky Lake-E CHA Registers
 |           +-08.6  Intel Corporation Sky Lake-E CHA Registers
 |           +-08.7  Intel Corporation Sky Lake-E CHA Registers
 |           +-09.0  Intel Corporation Sky Lake-E CHA Registers
 |           +-09.1  Intel Corporation Sky Lake-E CHA Registers
 |           +-09.2  Intel Corporation Sky Lake-E CHA Registers
 |           +-09.3  Intel Corporation Sky Lake-E CHA Registers
 |           +-09.4  Intel Corporation Sky Lake-E CHA Registers
 |           +-09.5  Intel Corporation Sky Lake-E CHA Registers
 |           +-09.6  Intel Corporation Sky Lake-E CHA Registers
 |           +-09.7  Intel Corporation Sky Lake-E CHA Registers
 |           +-0a.0  Intel Corporation Sky Lake-E CHA Registers
 |           +-0a.1  Intel Corporation Sky Lake-E CHA Registers
 |           +-0a.2  Intel Corporation Sky Lake-E CHA Registers
 |           +-0a.3  Intel Corporation Sky Lake-E CHA Registers
 |           +-0a.4  Intel Corporation Sky Lake-E CHA Registers
 |           +-0a.5  Intel Corporation Sky Lake-E CHA Registers
 |           +-0a.6  Intel Corporation Sky Lake-E CHA Registers
 |           +-0a.7  Intel Corporation Sky Lake-E CHA Registers
 |           +-0b.0  Intel Corporation Sky Lake-E CHA Registers
 |           +-0b.1  Intel Corporation Sky Lake-E CHA Registers
 |           +-0b.2  Intel Corporation Sky Lake-E CHA Registers
 |           +-0b.3  Intel Corporation Sky Lake-E CHA Registers
 |           +-0e.0  Intel Corporation Sky Lake-E CHA Registers
 |           +-0e.1  Intel Corporation Sky Lake-E CHA Registers
 |           +-0e.2  Intel Corporation Sky Lake-E CHA Registers
 |           +-0e.3  Intel Corporation Sky Lake-E CHA Registers
 |           +-0e.4  Intel Corporation Sky Lake-E CHA Registers
 |           +-0e.5  Intel Corporation Sky Lake-E CHA Registers
 |           +-0e.6  Intel Corporation Sky Lake-E CHA Registers
 |           +-0e.7  Intel Corporation Sky Lake-E CHA Registers
 |           +-0f.0  Intel Corporation Sky Lake-E CHA Registers
 |           +-0f.1  Intel Corporation Sky Lake-E CHA Registers
 |           +-0f.2  Intel Corporation Sky Lake-E CHA Registers
 |           +-0f.3  Intel Corporation Sky Lake-E CHA Registers
 |           +-0f.4  Intel Corporation Sky Lake-E CHA Registers
 |           +-0f.5  Intel Corporation Sky Lake-E CHA Registers
 |           +-0f.6  Intel Corporation Sky Lake-E CHA Registers
 |           +-0f.7  Intel Corporation Sky Lake-E CHA Registers
 |           +-10.0  Intel Corporation Sky Lake-E CHA Registers
 |           +-10.1  Intel Corporation Sky Lake-E CHA Registers
 |           +-10.2  Intel Corporation Sky Lake-E CHA Registers
 |           +-10.3  Intel Corporation Sky Lake-E CHA Registers
 |           +-10.4  Intel Corporation Sky Lake-E CHA Registers
 |           +-10.5  Intel Corporation Sky Lake-E CHA Registers
 |           +-10.6  Intel Corporation Sky Lake-E CHA Registers
 |           +-10.7  Intel Corporation Sky Lake-E CHA Registers
 |           +-11.0  Intel Corporation Sky Lake-E CHA Registers
 |           +-11.1  Intel Corporation Sky Lake-E CHA Registers
 |           +-11.2  Intel Corporation Sky Lake-E CHA Registers
 |           +-11.3  Intel Corporation Sky Lake-E CHA Registers
 |           +-1d.0  Intel Corporation Sky Lake-E CHA Registers
 |           +-1d.1  Intel Corporation Sky Lake-E CHA Registers
 |           +-1d.2  Intel Corporation Sky Lake-E CHA Registers
 |           +-1d.3  Intel Corporation Sky Lake-E CHA Registers
 |           +-1e.0  Intel Corporation Sky Lake-E PCU Registers
 |           +-1e.1  Intel Corporation Sky Lake-E PCU Registers
 |           +-1e.2  Intel Corporation Sky Lake-E PCU Registers
 |           +-1e.3  Intel Corporation Sky Lake-E PCU Registers
 |           +-1e.4  Intel Corporation Sky Lake-E PCU Registers
 |           +-1e.5  Intel Corporation Sky Lake-E PCU Registers
 |           \-1e.6  Intel Corporation Sky Lake-E PCU Registers
 +-[0000:c0]-+-04.0  Intel Corporation Sky Lake-E CBDMA Registers
 |           +-04.1  Intel Corporation Sky Lake-E CBDMA Registers
 |           +-04.2  Intel Corporation Sky Lake-E CBDMA Registers
 |           +-04.3  Intel Corporation Sky Lake-E CBDMA Registers
 |           +-04.4  Intel Corporation Sky Lake-E CBDMA Registers
 |           +-04.5  Intel Corporation Sky Lake-E CBDMA Registers
 |           +-04.6  Intel Corporation Sky Lake-E CBDMA Registers
 |           +-04.7  Intel Corporation Sky Lake-E CBDMA Registers
 |           +-05.0  Intel Corporation Sky Lake-E MM/Vt-d Configuration Registers
 |           +-05.2  Intel Corporation Device 2025
 |           +-05.4  Intel Corporation Device 2026
 |           +-08.0  Intel Corporation Sky Lake-E Ubox Registers
 |           +-08.1  Intel Corporation Sky Lake-E Ubox Registers
 |           \-08.2  Intel Corporation Sky Lake-E Ubox Registers
 +-[0000:ac]-+-00.0-[ad]--
 |           +-05.0  Intel Corporation Device 2034
 |           +-05.2  Intel Corporation Sky Lake-E RAS Configuration Registers
 |           \-05.4  Intel Corporation Device 2036
 +-[0000:ab]-+-0e.0  Intel Corporation Device 2058
 |           +-0e.1  Intel Corporation Device 2059
 |           +-0e.4  Intel Corporation Device 2058
 |           +-0e.5  Intel Corporation Device 2059
 |           +-0e.6  Intel Corporation Device 205a
 |           +-0f.0  Intel Corporation Device 2058
 |           +-0f.1  Intel Corporation Device 2059
 |           +-0f.3  Intel Corporation Device 205b
 |           +-0f.4  Intel Corporation Device 2058
 |           +-0f.5  Intel Corporation Device 2059
 |           +-0f.6  Intel Corporation Device 205a
 |           +-10.0  Intel Corporation Device 2058
 |           +-10.1  Intel Corporation Device 2059
 |           +-10.4  Intel Corporation Device 2058
 |           +-10.5  Intel Corporation Device 2059
 |           +-10.6  Intel Corporation Device 205a
 |           +-12.0  Intel Corporation Sky Lake-E M3KTI Registers
 |           +-12.1  Intel Corporation Sky Lake-E M3KTI Registers
 |           +-12.2  Intel Corporation Sky Lake-E M3KTI Registers
 |           +-13.0  Intel Corporation Sky Lake-E M3KTI Registers
 |           +-13.1  Intel Corporation Sky Lake-E M3KTI Registers
 |           +-13.2  Intel Corporation Sky Lake-E M3KTI Registers
 |           +-14.0  Intel Corporation Sky Lake-E M3KTI Registers
 |           +-14.1  Intel Corporation Sky Lake-E M3KTI Registers
 |           +-14.2  Intel Corporation Sky Lake-E M3KTI Registers
 |           +-15.0  Intel Corporation Sky Lake-E M2PCI Registers
 |           +-15.1  Intel Corporation Device 2088
 |           +-16.0  Intel Corporation Sky Lake-E M2PCI Registers
 |           +-16.1  Intel Corporation Device 2088
 |           +-17.0  Intel Corporation Sky Lake-E M2PCI Registers
 |           \-17.1  Intel Corporation Device 2088
 +-[0000:97]-+-05.0  Intel Corporation Device 2034
 |           +-05.2  Intel Corporation Sky Lake-E RAS Configuration Registers
 |           +-05.4  Intel Corporation Device 2036
 |           +-08.0  Intel Corporation Device 2066
 |           +-09.0  Intel Corporation Device 2066
 |           +-0a.0  Intel Corporation Device 2040
 |           +-0a.1  Intel Corporation Device 2041
 |           +-0a.2  Intel Corporation Device 2042
 |           +-0a.3  Intel Corporation Device 2043
 |           +-0a.4  Intel Corporation Device 2044
 |           +-0a.5  Intel Corporation Device 2045
 |           +-0a.6  Intel Corporation Device 2046
 |           +-0a.7  Intel Corporation Device 2047
 |           +-0b.0  Intel Corporation Device 2048
 |           +-0b.1  Intel Corporation Device 2049
 |           +-0b.2  Intel Corporation Device 204a
 |           +-0b.3  Intel Corporation Device 204b
 |           +-0c.0  Intel Corporation Device 2040
 |           +-0c.1  Intel Corporation Device 2041
 |           +-0c.2  Intel Corporation Device 2042
 |           +-0c.3  Intel Corporation Device 2043
 |           +-0c.4  Intel Corporation Device 2044
 |           +-0c.5  Intel Corporation Device 2045
 |           +-0c.6  Intel Corporation Device 2046
 |           +-0c.7  Intel Corporation Device 2047
 |           +-0d.0  Intel Corporation Device 2048
 |           +-0d.1  Intel Corporation Device 2049
 |           +-0d.2  Intel Corporation Device 204a
 |           \-0d.3  Intel Corporation Device 204b
 +-[0000:83]-+-00.0-[84]--
 |           +-05.0  Intel Corporation Device 2034
 |           +-05.2  Intel Corporation Sky Lake-E RAS Configuration Registers
 |           +-05.4  Intel Corporation Device 2036
 |           +-08.0  Intel Corporation Sky Lake-E CHA Registers
 |           +-08.1  Intel Corporation Sky Lake-E CHA Registers
 |           +-08.2  Intel Corporation Sky Lake-E CHA Registers
 |           +-08.3  Intel Corporation Sky Lake-E CHA Registers
 |           +-08.4  Intel Corporation Sky Lake-E CHA Registers
 |           +-08.5  Intel Corporation Sky Lake-E CHA Registers
 |           +-08.6  Intel Corporation Sky Lake-E CHA Registers
 |           +-08.7  Intel Corporation Sky Lake-E CHA Registers
 |           +-09.0  Intel Corporation Sky Lake-E CHA Registers
 |           +-09.1  Intel Corporation Sky Lake-E CHA Registers
 |           +-09.2  Intel Corporation Sky Lake-E CHA Registers
 |           +-09.3  Intel Corporation Sky Lake-E CHA Registers
 |           +-09.4  Intel Corporation Sky Lake-E CHA Registers
 |           +-09.5  Intel Corporation Sky Lake-E CHA Registers
 |           +-09.6  Intel Corporation Sky Lake-E CHA Registers
 |           +-09.7  Intel Corporation Sky Lake-E CHA Registers
 |           +-0a.0  Intel Corporation Sky Lake-E CHA Registers
 |           +-0a.1  Intel Corporation Sky Lake-E CHA Registers
 |           +-0a.2  Intel Corporation Sky Lake-E CHA Registers
 |           +-0a.3  Intel Corporation Sky Lake-E CHA Registers
 |           +-0a.4  Intel Corporation Sky Lake-E CHA Registers
 |           +-0a.5  Intel Corporation Sky Lake-E CHA Registers
 |           +-0a.6  Intel Corporation Sky Lake-E CHA Registers
 |           +-0a.7  Intel Corporation Sky Lake-E CHA Registers
 |           +-0b.0  Intel Corporation Sky Lake-E CHA Registers
 |           +-0b.1  Intel Corporation Sky Lake-E CHA Registers
 |           +-0b.2  Intel Corporation Sky Lake-E CHA Registers
 |           +-0b.3  Intel Corporation Sky Lake-E CHA Registers
 |           +-0e.0  Intel Corporation Sky Lake-E CHA Registers
 |           +-0e.1  Intel Corporation Sky Lake-E CHA Registers
 |           +-0e.2  Intel Corporation Sky Lake-E CHA Registers
 |           +-0e.3  Intel Corporation Sky Lake-E CHA Registers
 |           +-0e.4  Intel Corporation Sky Lake-E CHA Registers
 |           +-0e.5  Intel Corporation Sky Lake-E CHA Registers
 |           +-0e.6  Intel Corporation Sky Lake-E CHA Registers
 |           +-0e.7  Intel Corporation Sky Lake-E CHA Registers
 |           +-0f.0  Intel Corporation Sky Lake-E CHA Registers
 |           +-0f.1  Intel Corporation Sky Lake-E CHA Registers
 |           +-0f.2  Intel Corporation Sky Lake-E CHA Registers
 |           +-0f.3  Intel Corporation Sky Lake-E CHA Registers
 |           +-0f.4  Intel Corporation Sky Lake-E CHA Registers
 |           +-0f.5  Intel Corporation Sky Lake-E CHA Registers
 |           +-0f.6  Intel Corporation Sky Lake-E CHA Registers
 |           +-0f.7  Intel Corporation Sky Lake-E CHA Registers
 |           +-10.0  Intel Corporation Sky Lake-E CHA Registers
 |           +-10.1  Intel Corporation Sky Lake-E CHA Registers
 |           +-10.2  Intel Corporation Sky Lake-E CHA Registers
 |           +-10.3  Intel Corporation Sky Lake-E CHA Registers
 |           +-10.4  Intel Corporation Sky Lake-E CHA Registers
 |           +-10.5  Intel Corporation Sky Lake-E CHA Registers
 |           +-10.6  Intel Corporation Sky Lake-E CHA Registers
 |           +-10.7  Intel Corporation Sky Lake-E CHA Registers
 |           +-11.0  Intel Corporation Sky Lake-E CHA Registers
 |           +-11.1  Intel Corporation Sky Lake-E CHA Registers
 |           +-11.2  Intel Corporation Sky Lake-E CHA Registers
 |           +-11.3  Intel Corporation Sky Lake-E CHA Registers
 |           +-1d.0  Intel Corporation Sky Lake-E CHA Registers
 |           +-1d.1  Intel Corporation Sky Lake-E CHA Registers
 |           +-1d.2  Intel Corporation Sky Lake-E CHA Registers
 |           +-1d.3  Intel Corporation Sky Lake-E CHA Registers
 |           +-1e.0  Intel Corporation Sky Lake-E PCU Registers
 |           +-1e.1  Intel Corporation Sky Lake-E PCU Registers
 |           +-1e.2  Intel Corporation Sky Lake-E PCU Registers
 |           +-1e.3  Intel Corporation Sky Lake-E PCU Registers
 |           +-1e.4  Intel Corporation Sky Lake-E PCU Registers
 |           +-1e.5  Intel Corporation Sky Lake-E PCU Registers
 |           \-1e.6  Intel Corporation Sky Lake-E PCU Registers
 +-[0000:80]-+-04.0  Intel Corporation Sky Lake-E CBDMA Registers
 |           +-04.1  Intel Corporation Sky Lake-E CBDMA Registers
 |           +-04.2  Intel Corporation Sky Lake-E CBDMA Registers
 |           +-04.3  Intel Corporation Sky Lake-E CBDMA Registers
 |           +-04.4  Intel Corporation Sky Lake-E CBDMA Registers
 |           +-04.5  Intel Corporation Sky Lake-E CBDMA Registers
 |           +-04.6  Intel Corporation Sky Lake-E CBDMA Registers
 |           +-04.7  Intel Corporation Sky Lake-E CBDMA Registers
 |           +-05.0  Intel Corporation Sky Lake-E MM/Vt-d Configuration Registers
 |           +-05.2  Intel Corporation Device 2025
 |           +-05.4  Intel Corporation Device 2026
 |           +-08.0  Intel Corporation Sky Lake-E Ubox Registers
 |           +-08.1  Intel Corporation Sky Lake-E Ubox Registers
 |           \-08.2  Intel Corporation Sky Lake-E Ubox Registers
 +-[0000:6c]-+-00.0-[6d]----00.0  Adaptec Smart Storage PQI 12G SAS/PCIe 3
 |           +-02.0-[6e]--
 |           +-05.0  Intel Corporation Device 2034
 |           +-05.2  Intel Corporation Sky Lake-E RAS Configuration Registers
 |           \-05.4  Intel Corporation Device 2036
 +-[0000:6b]-+-0e.0  Intel Corporation Device 2058
 |           +-0e.1  Intel Corporation Device 2059
 |           +-0e.4  Intel Corporation Device 2058
 |           +-0e.5  Intel Corporation Device 2059
 |           +-0e.6  Intel Corporation Device 205a
 |           +-0f.0  Intel Corporation Device 2058
 |           +-0f.1  Intel Corporation Device 2059
 |           +-0f.3  Intel Corporation Device 205b
 |           +-0f.4  Intel Corporation Device 2058
 |           +-0f.5  Intel Corporation Device 2059
 |           +-0f.6  Intel Corporation Device 205a
 |           +-10.0  Intel Corporation Device 2058
 |           +-10.1  Intel Corporation Device 2059
 |           +-10.4  Intel Corporation Device 2058
 |           +-10.5  Intel Corporation Device 2059
 |           +-10.6  Intel Corporation Device 205a
 |           +-12.0  Intel Corporation Sky Lake-E M3KTI Registers
 |           +-12.1  Intel Corporation Sky Lake-E M3KTI Registers
 |           +-12.2  Intel Corporation Sky Lake-E M3KTI Registers
 |           +-13.0  Intel Corporation Sky Lake-E M3KTI Registers
 |           +-13.1  Intel Corporation Sky Lake-E M3KTI Registers
 |           +-13.2  Intel Corporation Sky Lake-E M3KTI Registers
 |           +-14.0  Intel Corporation Sky Lake-E M3KTI Registers
 |           +-14.1  Intel Corporation Sky Lake-E M3KTI Registers
 |           +-14.2  Intel Corporation Sky Lake-E M3KTI Registers
 |           +-15.0  Intel Corporation Sky Lake-E M2PCI Registers
 |           +-15.1  Intel Corporation Device 2088
 |           +-16.0  Intel Corporation Sky Lake-E M2PCI Registers
 |           +-16.1  Intel Corporation Device 2088
 |           +-17.0  Intel Corporation Sky Lake-E M2PCI Registers
 |           \-17.1  Intel Corporation Device 2088
 +-[0000:57]-+-00.0-[58]--
 |           +-05.0  Intel Corporation Device 2034
 |           +-05.2  Intel Corporation Sky Lake-E RAS Configuration Registers
 |           +-05.4  Intel Corporation Device 2036
 |           +-08.0  Intel Corporation Device 2066
 |           +-09.0  Intel Corporation Device 2066
 |           +-0a.0  Intel Corporation Device 2040
 |           +-0a.1  Intel Corporation Device 2041
 |           +-0a.2  Intel Corporation Device 2042
 |           +-0a.3  Intel Corporation Device 2043
 |           +-0a.4  Intel Corporation Device 2044
 |           +-0a.5  Intel Corporation Device 2045
 |           +-0a.6  Intel Corporation Device 2046
 |           +-0a.7  Intel Corporation Device 2047
 |           +-0b.0  Intel Corporation Device 2048
 |           +-0b.1  Intel Corporation Device 2049
 |           +-0b.2  Intel Corporation Device 204a
 |           +-0b.3  Intel Corporation Device 204b
 |           +-0c.0  Intel Corporation Device 2040
 |           +-0c.1  Intel Corporation Device 2041
 |           +-0c.2  Intel Corporation Device 2042
 |           +-0c.3  Intel Corporation Device 2043
 |           +-0c.4  Intel Corporation Device 2044
 |           +-0c.5  Intel Corporation Device 2045
 |           +-0c.6  Intel Corporation Device 2046
 |           +-0c.7  Intel Corporation Device 2047
 |           +-0d.0  Intel Corporation Device 2048
 |           +-0d.1  Intel Corporation Device 2049
 |           +-0d.2  Intel Corporation Device 204a
 |           \-0d.3  Intel Corporation Device 204b
 +-[0000:43]-+-00.0-[44]--
 |           +-02.0-[45]--
 |           +-05.0  Intel Corporation Device 2034
 |           +-05.2  Intel Corporation Sky Lake-E RAS Configuration Registers
 |           +-05.4  Intel Corporation Device 2036
 |           +-08.0  Intel Corporation Sky Lake-E CHA Registers
 |           +-08.1  Intel Corporation Sky Lake-E CHA Registers
 |           +-08.2  Intel Corporation Sky Lake-E CHA Registers
 |           +-08.3  Intel Corporation Sky Lake-E CHA Registers
 |           +-08.4  Intel Corporation Sky Lake-E CHA Registers
 |           +-08.5  Intel Corporation Sky Lake-E CHA Registers
 |           +-08.6  Intel Corporation Sky Lake-E CHA Registers
 |           +-08.7  Intel Corporation Sky Lake-E CHA Registers
 |           +-09.0  Intel Corporation Sky Lake-E CHA Registers
 |           +-09.1  Intel Corporation Sky Lake-E CHA Registers
 |           +-09.2  Intel Corporation Sky Lake-E CHA Registers
 |           +-09.3  Intel Corporation Sky Lake-E CHA Registers
 |           +-09.4  Intel Corporation Sky Lake-E CHA Registers
 |           +-09.5  Intel Corporation Sky Lake-E CHA Registers
 |           +-09.6  Intel Corporation Sky Lake-E CHA Registers
 |           +-09.7  Intel Corporation Sky Lake-E CHA Registers
 |           +-0a.0  Intel Corporation Sky Lake-E CHA Registers
 |           +-0a.1  Intel Corporation Sky Lake-E CHA Registers
 |           +-0a.2  Intel Corporation Sky Lake-E CHA Registers
 |           +-0a.3  Intel Corporation Sky Lake-E CHA Registers
 |           +-0a.4  Intel Corporation Sky Lake-E CHA Registers
 |           +-0a.5  Intel Corporation Sky Lake-E CHA Registers
 |           +-0a.6  Intel Corporation Sky Lake-E CHA Registers
 |           +-0a.7  Intel Corporation Sky Lake-E CHA Registers
 |           +-0b.0  Intel Corporation Sky Lake-E CHA Registers
 |           +-0b.1  Intel Corporation Sky Lake-E CHA Registers
 |           +-0b.2  Intel Corporation Sky Lake-E CHA Registers
 |           +-0b.3  Intel Corporation Sky Lake-E CHA Registers
 |           +-0e.0  Intel Corporation Sky Lake-E CHA Registers
 |           +-0e.1  Intel Corporation Sky Lake-E CHA Registers
 |           +-0e.2  Intel Corporation Sky Lake-E CHA Registers
 |           +-0e.3  Intel Corporation Sky Lake-E CHA Registers
 |           +-0e.4  Intel Corporation Sky Lake-E CHA Registers
 |           +-0e.5  Intel Corporation Sky Lake-E CHA Registers
 |           +-0e.6  Intel Corporation Sky Lake-E CHA Registers
 |           +-0e.7  Intel Corporation Sky Lake-E CHA Registers
 |           +-0f.0  Intel Corporation Sky Lake-E CHA Registers
 |           +-0f.1  Intel Corporation Sky Lake-E CHA Registers
 |           +-0f.2  Intel Corporation Sky Lake-E CHA Registers
 |           +-0f.3  Intel Corporation Sky Lake-E CHA Registers
 |           +-0f.4  Intel Corporation Sky Lake-E CHA Registers
 |           +-0f.5  Intel Corporation Sky Lake-E CHA Registers
 |           +-0f.6  Intel Corporation Sky Lake-E CHA Registers
 |           +-0f.7  Intel Corporation Sky Lake-E CHA Registers
 |           +-10.0  Intel Corporation Sky Lake-E CHA Registers
 |           +-10.1  Intel Corporation Sky Lake-E CHA Registers
 |           +-10.2  Intel Corporation Sky Lake-E CHA Registers
 |           +-10.3  Intel Corporation Sky Lake-E CHA Registers
 |           +-10.4  Intel Corporation Sky Lake-E CHA Registers
 |           +-10.5  Intel Corporation Sky Lake-E CHA Registers
 |           +-10.6  Intel Corporation Sky Lake-E CHA Registers
 |           +-10.7  Intel Corporation Sky Lake-E CHA Registers
 |           +-11.0  Intel Corporation Sky Lake-E CHA Registers
 |           +-11.1  Intel Corporation Sky Lake-E CHA Registers
 |           +-11.2  Intel Corporation Sky Lake-E CHA Registers
 |           +-11.3  Intel Corporation Sky Lake-E CHA Registers
 |           +-1d.0  Intel Corporation Sky Lake-E CHA Registers
 |           +-1d.1  Intel Corporation Sky Lake-E CHA Registers
 |           +-1d.2  Intel Corporation Sky Lake-E CHA Registers
 |           +-1d.3  Intel Corporation Sky Lake-E CHA Registers
 |           +-1e.0  Intel Corporation Sky Lake-E PCU Registers
 |           +-1e.1  Intel Corporation Sky Lake-E PCU Registers
 |           +-1e.2  Intel Corporation Sky Lake-E PCU Registers
 |           +-1e.3  Intel Corporation Sky Lake-E PCU Registers
 |           +-1e.4  Intel Corporation Sky Lake-E PCU Registers
 |           +-1e.5  Intel Corporation Sky Lake-E PCU Registers
 |           \-1e.6  Intel Corporation Sky Lake-E PCU Registers
 +-[0000:40]-+-04.0  Intel Corporation Sky Lake-E CBDMA Registers
 |           +-04.1  Intel Corporation Sky Lake-E CBDMA Registers
 |           +-04.2  Intel Corporation Sky Lake-E CBDMA Registers
 |           +-04.3  Intel Corporation Sky Lake-E CBDMA Registers
 |           +-04.4  Intel Corporation Sky Lake-E CBDMA Registers
 |           +-04.5  Intel Corporation Sky Lake-E CBDMA Registers
 |           +-04.6  Intel Corporation Sky Lake-E CBDMA Registers
 |           +-04.7  Intel Corporation Sky Lake-E CBDMA Registers
 |           +-05.0  Intel Corporation Sky Lake-E MM/Vt-d Configuration Registers
 |           +-05.2  Intel Corporation Device 2025
 |           +-05.4  Intel Corporation Device 2026
 |           +-08.0  Intel Corporation Sky Lake-E Ubox Registers
 |           +-08.1  Intel Corporation Sky Lake-E Ubox Registers
 |           \-08.2  Intel Corporation Sky Lake-E Ubox Registers
 +-[0000:32]-+-00.0-[33]--
 |           +-05.0  Intel Corporation Device 2034
 |           +-05.2  Intel Corporation Sky Lake-E RAS Configuration Registers
 |           \-05.4  Intel Corporation Device 2036
 +-[0000:31]-+-0e.0  Intel Corporation Device 2058
 |           +-0e.1  Intel Corporation Device 2059
 |           +-0e.4  Intel Corporation Device 2058
 |           +-0e.5  Intel Corporation Device 2059
 |           +-0e.6  Intel Corporation Device 205a
 |           +-0f.0  Intel Corporation Device 2058
 |           +-0f.1  Intel Corporation Device 2059
 |           +-0f.3  Intel Corporation Device 205b
 |           +-0f.4  Intel Corporation Device 2058
 |           +-0f.5  Intel Corporation Device 2059
 |           +-0f.6  Intel Corporation Device 205a
 |           +-10.0  Intel Corporation Device 2058
 |           +-10.1  Intel Corporation Device 2059
 |           +-10.4  Intel Corporation Device 2058
 |           +-10.5  Intel Corporation Device 2059
 |           +-10.6  Intel Corporation Device 205a
 |           +-12.0  Intel Corporation Sky Lake-E M3KTI Registers
 |           +-12.1  Intel Corporation Sky Lake-E M3KTI Registers
 |           +-12.2  Intel Corporation Sky Lake-E M3KTI Registers
 |           +-13.0  Intel Corporation Sky Lake-E M3KTI Registers
 |           +-13.1  Intel Corporation Sky Lake-E M3KTI Registers
 |           +-13.2  Intel Corporation Sky Lake-E M3KTI Registers
 |           +-14.0  Intel Corporation Sky Lake-E M3KTI Registers
 |           +-14.1  Intel Corporation Sky Lake-E M3KTI Registers
 |           +-14.2  Intel Corporation Sky Lake-E M3KTI Registers
 |           +-15.0  Intel Corporation Sky Lake-E M2PCI Registers
 |           +-15.1  Intel Corporation Device 2088
 |           +-16.0  Intel Corporation Sky Lake-E M2PCI Registers
 |           +-16.1  Intel Corporation Device 2088
 |           +-17.0  Intel Corporation Sky Lake-E M2PCI Registers
 |           \-17.1  Intel Corporation Device 2088
 +-[0000:23]-+-00.0-[24]--
 |           +-02.0-[25]--
 |           +-05.0  Intel Corporation Device 2034
 |           +-05.2  Intel Corporation Sky Lake-E RAS Configuration Registers
 |           +-05.4  Intel Corporation Device 2036
 |           +-08.0  Intel Corporation Device 2066
 |           +-09.0  Intel Corporation Device 2066
 |           +-0a.0  Intel Corporation Device 2040
 |           +-0a.1  Intel Corporation Device 2041
 |           +-0a.2  Intel Corporation Device 2042
 |           +-0a.3  Intel Corporation Device 2043
 |           +-0a.4  Intel Corporation Device 2044
 |           +-0a.5  Intel Corporation Device 2045
 |           +-0a.6  Intel Corporation Device 2046
 |           +-0a.7  Intel Corporation Device 2047
 |           +-0b.0  Intel Corporation Device 2048
 |           +-0b.1  Intel Corporation Device 2049
 |           +-0b.2  Intel Corporation Device 204a
 |           +-0b.3  Intel Corporation Device 204b
 |           +-0c.0  Intel Corporation Device 2040
 |           +-0c.1  Intel Corporation Device 2041
 |           +-0c.2  Intel Corporation Device 2042
 |           +-0c.3  Intel Corporation Device 2043
 |           +-0c.4  Intel Corporation Device 2044
 |           +-0c.5  Intel Corporation Device 2045
 |           +-0c.6  Intel Corporation Device 2046
 |           +-0c.7  Intel Corporation Device 2047
 |           +-0d.0  Intel Corporation Device 2048
 |           +-0d.1  Intel Corporation Device 2049
 |           +-0d.2  Intel Corporation Device 204a
 |           \-0d.3  Intel Corporation Device 204b
 +-[0000:15]-+-00.0-[16]--
 |           +-05.0  Intel Corporation Device 2034
 |           +-05.2  Intel Corporation Sky Lake-E RAS Configuration Registers
 |           +-05.4  Intel Corporation Device 2036
 |           +-08.0  Intel Corporation Sky Lake-E CHA Registers
 |           +-08.1  Intel Corporation Sky Lake-E CHA Registers
 |           +-08.2  Intel Corporation Sky Lake-E CHA Registers
 |           +-08.3  Intel Corporation Sky Lake-E CHA Registers
 |           +-08.4  Intel Corporation Sky Lake-E CHA Registers
 |           +-08.5  Intel Corporation Sky Lake-E CHA Registers
 |           +-08.6  Intel Corporation Sky Lake-E CHA Registers
 |           +-08.7  Intel Corporation Sky Lake-E CHA Registers
 |           +-09.0  Intel Corporation Sky Lake-E CHA Registers
 |           +-09.1  Intel Corporation Sky Lake-E CHA Registers
 |           +-09.2  Intel Corporation Sky Lake-E CHA Registers
 |           +-09.3  Intel Corporation Sky Lake-E CHA Registers
 |           +-09.4  Intel Corporation Sky Lake-E CHA Registers
 |           +-09.5  Intel Corporation Sky Lake-E CHA Registers
 |           +-09.6  Intel Corporation Sky Lake-E CHA Registers
 |           +-09.7  Intel Corporation Sky Lake-E CHA Registers
 |           +-0a.0  Intel Corporation Sky Lake-E CHA Registers
 |           +-0a.1  Intel Corporation Sky Lake-E CHA Registers
 |           +-0a.2  Intel Corporation Sky Lake-E CHA Registers
 |           +-0a.3  Intel Corporation Sky Lake-E CHA Registers
 |           +-0a.4  Intel Corporation Sky Lake-E CHA Registers
 |           +-0a.5  Intel Corporation Sky Lake-E CHA Registers
 |           +-0a.6  Intel Corporation Sky Lake-E CHA Registers
 |           +-0a.7  Intel Corporation Sky Lake-E CHA Registers
 |           +-0b.0  Intel Corporation Sky Lake-E CHA Registers
 |           +-0b.1  Intel Corporation Sky Lake-E CHA Registers
 |           +-0b.2  Intel Corporation Sky Lake-E CHA Registers
 |           +-0b.3  Intel Corporation Sky Lake-E CHA Registers
 |           +-0e.0  Intel Corporation Sky Lake-E CHA Registers
 |           +-0e.1  Intel Corporation Sky Lake-E CHA Registers
 |           +-0e.2  Intel Corporation Sky Lake-E CHA Registers
 |           +-0e.3  Intel Corporation Sky Lake-E CHA Registers
 |           +-0e.4  Intel Corporation Sky Lake-E CHA Registers
 |           +-0e.5  Intel Corporation Sky Lake-E CHA Registers
 |           +-0e.6  Intel Corporation Sky Lake-E CHA Registers
 |           +-0e.7  Intel Corporation Sky Lake-E CHA Registers
 |           +-0f.0  Intel Corporation Sky Lake-E CHA Registers
 |           +-0f.1  Intel Corporation Sky Lake-E CHA Registers
 |           +-0f.2  Intel Corporation Sky Lake-E CHA Registers
 |           +-0f.3  Intel Corporation Sky Lake-E CHA Registers
 |           +-0f.4  Intel Corporation Sky Lake-E CHA Registers
 |           +-0f.5  Intel Corporation Sky Lake-E CHA Registers
 |           +-0f.6  Intel Corporation Sky Lake-E CHA Registers
 |           +-0f.7  Intel Corporation Sky Lake-E CHA Registers
 |           +-10.0  Intel Corporation Sky Lake-E CHA Registers
 |           +-10.1  Intel Corporation Sky Lake-E CHA Registers
 |           +-10.2  Intel Corporation Sky Lake-E CHA Registers
 |           +-10.3  Intel Corporation Sky Lake-E CHA Registers
 |           +-10.4  Intel Corporation Sky Lake-E CHA Registers
 |           +-10.5  Intel Corporation Sky Lake-E CHA Registers
 |           +-10.6  Intel Corporation Sky Lake-E CHA Registers
 |           +-10.7  Intel Corporation Sky Lake-E CHA Registers
 |           +-11.0  Intel Corporation Sky Lake-E CHA Registers
 |           +-11.1  Intel Corporation Sky Lake-E CHA Registers
 |           +-11.2  Intel Corporation Sky Lake-E CHA Registers
 |           +-11.3  Intel Corporation Sky Lake-E CHA Registers
 |           +-1d.0  Intel Corporation Sky Lake-E CHA Registers
 |           +-1d.1  Intel Corporation Sky Lake-E CHA Registers
 |           +-1d.2  Intel Corporation Sky Lake-E CHA Registers
 |           +-1d.3  Intel Corporation Sky Lake-E CHA Registers
 |           +-1e.0  Intel Corporation Sky Lake-E PCU Registers
 |           +-1e.1  Intel Corporation Sky Lake-E PCU Registers
 |           +-1e.2  Intel Corporation Sky Lake-E PCU Registers
 |           +-1e.3  Intel Corporation Sky Lake-E PCU Registers
 |           +-1e.4  Intel Corporation Sky Lake-E PCU Registers
 |           +-1e.5  Intel Corporation Sky Lake-E PCU Registers
 |           \-1e.6  Intel Corporation Sky Lake-E PCU Registers
 \-[0000:00]-+-00.0  Intel Corporation Sky Lake-E DMI3 Registers
             +-04.0  Intel Corporation Sky Lake-E CBDMA Registers
             +-04.1  Intel Corporation Sky Lake-E CBDMA Registers
             +-04.2  Intel Corporation Sky Lake-E CBDMA Registers
             +-04.3  Intel Corporation Sky Lake-E CBDMA Registers
             +-04.4  Intel Corporation Sky Lake-E CBDMA Registers
             +-04.5  Intel Corporation Sky Lake-E CBDMA Registers
             +-04.6  Intel Corporation Sky Lake-E CBDMA Registers
             +-04.7  Intel Corporation Sky Lake-E CBDMA Registers
             +-05.0  Intel Corporation Sky Lake-E MM/Vt-d Configuration Registers
             +-05.2  Intel Corporation Device 2025
             +-05.4  Intel Corporation Device 2026
             +-08.0  Intel Corporation Sky Lake-E Ubox Registers
             +-08.1  Intel Corporation Sky Lake-E Ubox Registers
             +-08.2  Intel Corporation Sky Lake-E Ubox Registers
             +-11.0  Intel Corporation C620 Series Chipset Family MROM 0
             +-11.1  Intel Corporation C620 Series Chipset Family MROM 1
             +-11.5  Intel Corporation C620 Series Chipset Family SSATA Controller [AHCI mode]
             +-14.0  Intel Corporation C620 Series Chipset Family USB 3.0 xHCI Controller
             +-14.2  Intel Corporation C620 Series Chipset Family Thermal Subsystem
             +-16.0  Intel Corporation C620 Series Chipset Family MEI Controller #1
             +-16.1  Intel Corporation C620 Series Chipset Family MEI Controller #2
             +-16.4  Intel Corporation C620 Series Chipset Family MEI Controller #3
             +-17.0  Intel Corporation C620 Series Chipset Family SATA Controller [AHCI mode]
             +-1c.0-[01]----00.0  Huawei Technologies Co., Ltd. Hi1710 [iBMC Intelligent Management system chip w/VGA support]
             +-1c.5-[02]----00.0  Huawei Technologies Co., Ltd. iBMA Virtual Network Adapter
             +-1f.0  Intel Corporation Device a1cb
             +-1f.2  Intel Corporation C620 Series Chipset Family Power Management Controller
             +-1f.3  Intel Corporation Lewisburg MROM 0
             +-1f.4  Intel Corporation C620 Series Chipset Family SMBus
             \-1f.5  Intel Corporation C620 Series Chipset Family SPI Controller
