2020-07-13 14:01:40,871 - INFO: SnoopThrottleConfig Value to set: High
2020-07-13 14:07:54,855 - INFO: SnoopThrottleConfig Value to set: High
2020-07-13 14:09:20,574 - INFO: SnoopThrottleConfig Value to set: High
2020-07-13 14:09:20,684 - INFO: StaleAtoSOptEn Value to set: Disable
2020-07-13 14:09:20,786 - INFO: MemBootHealthCheck Value to set: Auto
2020-07-13 14:09:20,871 - INFO: DfxDdrtChInterleaveGran Value to set: 4KB Target, 256B Channel
2020-07-13 14:09:20,954 - INFO: dfxLoadDimmMgmtDriver Value to set: Disable
2020-07-13 14:09:21,044 - INFO: DfxBankGroupInterleavingMode Value to set: Coarse Grained Mode
2020-07-13 14:09:21,121 - INFO: DfxRankInterleaving Value to set: 1-way Interleave
2020-07-13 14:09:21,200 - INFO: dfxStraddleHighAddressBit Value to set: Enable
2020-07-13 14:09:21,297 - INFO: DfxCrSkipArsOnBoot Value to set: Enable
2020-07-13 14:09:21,372 - INFO: DfxCrBackgroundArs Value to set: Disable
2020-07-13 14:09:21,478 - INFO: DfxCrSeamlessKeepArmed Value to set: Enable
2020-07-13 14:09:21,559 - INFO: DfxCrSeamlessAlwaysQuiesce Value to set: Enable
2020-07-13 14:09:21,637 - INFO: EccSupport Value to set: Disable
2020-07-13 14:09:21,746 - INFO: ShortStroke2GB Value to set: Interleaved
2020-07-13 14:09:21,847 - INFO: DfxSsaRmtRecvEnableDenormalize Value to set: Enable
2020-07-13 14:09:21,937 - INFO: haltOnMemErr Value to set: Disable
2020-07-13 14:09:22,013 - INFO: AttemptFastBootCold Value to set: Disable
2020-07-13 14:09:22,106 - INFO: MemTestOnFastBoot Value to set: Enable
2020-07-13 14:09:22,200 - INFO: RmtOnColdFastBoot Value to set: Enable
2020-07-13 14:09:22,278 - INFO: EnableNgnBcomMargining Value to set: Enable
2020-07-13 14:09:22,368 - INFO: ScrambleEn Value to set: Disable
2020-07-13 14:09:22,445 - INFO: allowCorrectableError Value to set: Enable
2020-07-13 14:09:22,528 - INFO: allowCorrectableMemTestError Value to set: Disable
2020-07-13 14:09:22,606 - INFO: MinNormalMemSize Value to set: 8GB
2020-07-13 14:09:22,700 - INFO: CustomRefreshRateEn Value to set: Enable
2020-07-13 14:09:22,794 - INFO: CustomRefreshRate Value to set: 20
2020-07-13 14:09:22,881 - INFO: thermalthrottlingsupport Value to set: OLTT
2020-07-13 14:09:22,967 - INFO: MemTripReporting Value to set: Enable
2020-07-13 14:09:23,059 - INFO: memhotSupport Value to set: Input and Output Enabled
2020-07-13 14:09:23,153 - INFO: MemhotOutputOnlyOpt Value to set: Enable only temphi
2020-07-13 14:09:23,247 - INFO: CkeIdleTimer Value to set: 20
2020-07-13 14:09:23,325 - INFO: ApdEn Value to set: Enable
2020-07-13 14:09:23,412 - INFO: EadrSupport Value to set: Enable
2020-07-13 14:09:23,491 - INFO: FactoryResetClear Value to set: Enable
2020-07-13 14:09:23,575 - INFO: NgnAveragePower Value to set: 15000
2020-07-13 14:09:23,653 - INFO: DcpmmAveragePowerLimit Value to set: 12000
2020-07-13 14:09:23,746 - INFO: DcpmmMbbFeature Value to set: Disable
2020-07-13 14:09:23,825 - INFO: NgnArsPublish Value to set: Disable
2020-07-13 14:09:23,929 - INFO: NgnCmdTime Value to set: 2N
2020-07-13 14:09:24,020 - INFO: NgnEccRdChk Value to set: Disable
2020-07-13 14:09:24,090 - INFO: FastGoConfig Value to set: Option 4
2020-07-13 14:09:24,184 - INFO: LatchSystemShutdownState Value to set: Disable
2020-07-13 14:09:24,309 - INFO: EliminateDirectoryInFarMemory Value to set: Enable
2020-07-13 14:09:24,387 - INFO: NvmdimmPowerCyclePolicy Value to set: Disable
2020-07-13 14:09:24,484 - INFO: DisableDirForAppDirect Value to set: Enable
2020-07-13 14:09:24,575 - INFO: AppDirectMemoryHole Value to set: Enable
2020-07-13 14:09:24,653 - INFO: LsxImplementation Value to set: SWSMI
2020-07-13 14:09:24,746 - INFO: ExtendedType17 Value to set: Disable
2020-07-13 14:09:24,825 - INFO: EnableBiosSsaRMT Value to set: Disable
2020-07-13 14:09:24,918 - INFO: EnableBiosSsaRMTonFCB Value to set: Enable
2020-07-13 14:09:25,016 - INFO: BiosSsaDisplayTables Value to set: Disable
2020-07-13 14:09:25,106 - INFO: BiosSsaPerDisplayPlots Value to set: Disable
2020-07-13 14:09:25,184 - INFO: BiosSsaLoopCount Value to set: 16
2020-07-13 14:09:25,294 - INFO: BiosSsaBacksideMargining Value to set: Enable
2020-07-13 14:09:25,372 - INFO: BiosSsaEarlyReadIdMargining Value to set: Enable
2020-07-13 14:09:25,478 - INFO: BiosSsaStepSizeOverride Value to set: Enable
2020-07-13 14:09:25,573 - INFO: BiosSsaDebugMessages Value to set: Enable
2020-07-13 14:09:25,653 - INFO: MemChannelEnable[0] Value to set: Disable
2020-07-13 14:09:25,715 - INFO: MemChannelEnable[1] Value to set: Disable
2020-07-13 14:09:25,809 - INFO: MemChannelEnable[2] Value to set: Disable
2020-07-13 14:09:25,887 - INFO: MemChannelEnable[3] Value to set: Disable
2020-07-13 14:09:25,994 - INFO: MemChannelEnable[4] Value to set: Disable
2020-07-13 14:09:26,073 - INFO: MemChannelEnable[5] Value to set: Disable
2020-07-13 14:09:26,153 - INFO: MemChannelEnable[6] Value to set: Disable
2020-07-13 14:09:26,246 - INFO: MemChannelEnable[7] Value to set: Disable
2020-07-13 14:09:26,325 - INFO: MemChannelEnable[8] Value to set: Disable
2020-07-13 14:09:26,406 - INFO: MemChannelEnable[9] Value to set: Disable
2020-07-13 14:09:26,481 - INFO: MemChannelEnable[10] Value to set: Disable
2020-07-13 14:09:26,575 - INFO: MemChannelEnable[11] Value to set: Disable
2020-07-13 14:09:26,664 - INFO: MemChannelEnable[12] Value to set: Disable
2020-07-13 14:09:26,731 - INFO: MemChannelEnable[13] Value to set: Disable
2020-07-13 14:09:26,825 - INFO: MemChannelEnable[14] Value to set: Disable
2020-07-13 14:09:26,906 - INFO: MemChannelEnable[15] Value to set: Disable
2020-07-13 14:09:26,995 - INFO: MemChannelEnable[16] Value to set: Disable
2020-07-13 14:09:27,075 - INFO: MemChannelEnable[17] Value to set: Disable
2020-07-13 14:09:27,154 - INFO: MemChannelEnable[18] Value to set: Disable
2020-07-13 14:09:27,246 - INFO: MemChannelEnable[19] Value to set: Disable
2020-07-13 14:09:27,340 - INFO: MemChannelEnable[20] Value to set: Disable
2020-07-13 14:09:27,432 - INFO: MemChannelEnable[21] Value to set: Disable
2020-07-13 14:09:27,513 - INFO: MemChannelEnable[22] Value to set: Disable
2020-07-13 14:09:27,606 - INFO: MemChannelEnable[23] Value to set: Disable
2020-07-13 14:09:27,693 - INFO: MemCeFloodPolicy Value to set: Disable
2020-07-13 14:09:27,763 - INFO: spareErrTh Value to set: 6000
2020-07-13 14:09:27,840 - INFO: leakyBktTimeWindow Value to set: Enable
2020-07-13 14:09:27,940 - INFO: PlusOneEn Value to set: Enable
2020-07-13 14:09:28,027 - INFO: DcpmmEccModeSwitch Value to set: Disable
2020-07-13 14:09:28,122 - INFO: NativeAspmEnable Value to set: Enabled
2020-07-13 14:09:28,217 - INFO: ProcessorRaplPrioritization Value to set: Enable
2020-07-13 14:09:28,294 - INFO: AvxLicensePreGrant Value to set: Enable
2020-07-13 14:09:28,387 - INFO: ConfigTdpLock Value to set: Disable
2020-07-13 14:09:28,497 - INFO: ProcessorActivePbf Value to set: Enable
2020-07-13 14:09:28,575 - INFO: ProcessorConfigurePbf Value to set: Disable
2020-07-13 14:09:28,653 - INFO: PkgCLatNeg Value to set: Enable
2020-07-13 14:09:28,747 - INFO: EnableProcHot Value to set: Disable
2020-07-13 14:09:28,826 - INFO: EnableThermalMonitor Value to set: Disable
2020-07-13 14:09:28,925 - INFO: ProchotResponseRatio Value to set: 0
2020-07-13 14:09:28,997 - INFO: TCCActivationOffset Value to set: 0
